<?xml version="1.0" encoding="UTF-8"?>
<!-- Generated by org.testng.reporters.JUnitReportReporter -->
<testsuite hostname="DESKTOP-2AN8CB2" failures="0" tests="3" name="flightsMain.OneWayPgOne" time="176.603" errors="0" timestamp="2023-04-11T15:02:56 IST" skipped="0">
  <testcase classname="flightsMain.OneWayPgOne" name="roundTrip" time="47.890"/>
  <system-out/>
  <testcase classname="flightsMain.OneWayPgOne" name="roundTrip" time="81.479"/>
  <system-out/>
  <testcase classname="flightsMain.OneWayPgOne" name="roundTrip" time="47.234"/>
  <system-out/>
</testsuite> <!-- flightsMain.OneWayPgOne -->
