<?xml version="1.0" encoding="UTF-8"?>
<!-- Generated by org.testng.reporters.JUnitReportReporter -->
<testsuite hostname="DESKTOP-2AN8CB2" failures="0" tests="3" name="flightsMain.OneWayPgOne" time="153.274" errors="0" timestamp="2023-04-12T16:14:56 IST" skipped="0">
  <testcase classname="flightsMain.OneWayPgOne" name="oneWayTrip" time="60.811"/>
  <system-out/>
  <testcase classname="flightsMain.OneWayPgOne" name="oneWayTrip" time="44.143"/>
  <system-out/>
  <testcase classname="flightsMain.OneWayPgOne" name="oneWayTrip" time="48.320"/>
  <system-out/>
</testsuite> <!-- flightsMain.OneWayPgOne -->
