<?xml version="1.0" encoding="UTF-8"?>
<!-- Generated by org.testng.reporters.JUnitReportReporter -->
<testsuite hostname="DESKTOP-2AN8CB2" failures="0" tests="3" name="flightsMain.OneWayPgOne" time="130.188" errors="0" timestamp="2023-04-08T16:19:24 IST" skipped="0">
  <testcase classname="flightsMain.OneWayPgOne" name="roundTrip" time="26.711"/>
  <system-out/>
  <testcase classname="flightsMain.OneWayPgOne" name="roundTrip" time="52.939"/>
  <system-out/>
  <testcase classname="flightsMain.OneWayPgOne" name="roundTrip" time="50.538"/>
  <system-out/>
</testsuite> <!-- flightsMain.OneWayPgOne -->
