<?xml version="1.0" encoding="UTF-8"?>
<!-- Generated by org.testng.reporters.JUnitReportReporter -->
<testsuite hostname="DESKTOP-2AN8CB2" failures="0" tests="1" name="flightsMain.OneWayPgOne" time="22.434" errors="0" timestamp="2023-04-06T19:15:45 IST" skipped="0">
  <testcase classname="flightsMain.OneWayPgOne" name="roundTrip" time="22.434"/>
  <system-out/>
</testsuite> <!-- flightsMain.OneWayPgOne -->
