<?xml version="1.0" encoding="UTF-8"?>
<!-- Generated by org.testng.reporters.JUnitReportReporter -->
<testsuite hostname="DESKTOP-2AN8CB2" failures="0" tests="3" name="flightsMain.OneWayPgOne" time="89.427" errors="0" timestamp="2023-04-03T18:20:37 IST" skipped="0">
  <testcase classname="flightsMain.OneWayPgOne" name="roundTrip" time="32.543"/>
  <system-out/>
  <testcase classname="flightsMain.OneWayPgOne" name="roundTrip" time="32.137"/>
  <system-out/>
  <testcase classname="flightsMain.OneWayPgOne" name="roundTrip" time="24.747"/>
  <system-out/>
</testsuite> <!-- flightsMain.OneWayPgOne -->
