<?xml version="1.0" encoding="UTF-8"?>
<!-- Generated by org.testng.reporters.JUnitReportReporter -->
<testsuite hostname="DESKTOP-2AN8CB2" failures="0" tests="3" name="flightsMain.RoundWayPgOne" time="169.010" errors="0" timestamp="2023-04-12T16:35:05 IST" skipped="0">
  <testcase classname="flightsMain.RoundWayPgOne" name="roundWayTrip" time="53.344"/>
  <system-out/>
  <testcase classname="flightsMain.RoundWayPgOne" name="roundWayTrip" time="62.828"/>
  <system-out/>
  <testcase classname="flightsMain.RoundWayPgOne" name="roundWayTrip" time="52.838"/>
  <system-out/>
</testsuite> <!-- flightsMain.RoundWayPgOne -->
