<?xml version="1.0" encoding="UTF-8"?>
<!-- Generated by org.testng.reporters.JUnitReportReporter -->
<testsuite hostname="DESKTOP-2AN8CB2" failures="0" tests="3" name="flightsMain.RoundWayPgOne" time="91.222" errors="0" timestamp="2023-04-03T18:29:42 IST" skipped="0">
  <testcase classname="flightsMain.RoundWayPgOne" name="oneWayTrip" time="32.369"/>
  <system-out/>
  <testcase classname="flightsMain.RoundWayPgOne" name="oneWayTrip" time="29.661"/>
  <system-out/>
  <testcase classname="flightsMain.RoundWayPgOne" name="oneWayTrip" time="29.192"/>
  <system-out/>
</testsuite> <!-- flightsMain.RoundWayPgOne -->
