<?xml version="1.0" encoding="UTF-8"?>
<!-- Generated by org.testng.reporters.JUnitReportReporter -->
<testsuite hostname="DESKTOP-2AN8CB2" failures="0" tests="3" name="flightsMain.MultiWayPgOne" time="263.790" errors="0" timestamp="2023-04-12T18:53:03 IST" skipped="0">
  <testcase classname="flightsMain.MultiWayPgOne" name="multiWayTrip" time="92.872"/>
  <system-out/>
  <testcase classname="flightsMain.MultiWayPgOne" name="multiWayTrip" time="81.702"/>
  <system-out/>
  <testcase classname="flightsMain.MultiWayPgOne" name="multiWayTrip" time="89.216"/>
  <system-out/>
</testsuite> <!-- flightsMain.MultiWayPgOne -->
